<?xml version="1.0" encoding="UTF-8"?>
<testng-results ignored="0" total="1" passed="1" failed="0" skipped="0">
  <reporter-output>
  </reporter-output>
  <suite started-at="2023-08-09T23:11:57 IST" name="Failed suite [Failed suite [Default suite]]" finished-at="2023-08-09T23:12:21 IST" duration-ms="24953">
    <groups>
    </groups>
    <test started-at="2023-08-09T23:11:57 IST" name="BankingApp Test" finished-at="2023-08-09T23:12:21 IST" duration-ms="24953">
      <class name="com.inetbanking.testCases.TC_AddCustomerTest_003">
        <test-method is-config="true" signature="setup(java.lang.String)[pri:0, instance:com.inetbanking.testCases.TC_AddCustomerTest_003@6ee6f53]" started-at="2023-08-09T23:11:57 IST" name="setup" finished-at="2023-08-09T23:12:03 IST" duration-ms="6819" status="PASS">
          <params>
            <param index="0">
              <value>
                <![CDATA[chrome]]>
              </value>
            </param>
          </params>
          <reporter-output>
          </reporter-output>
        </test-method> <!-- setup -->
        <test-method signature="addNewCustomer()[pri:0, instance:com.inetbanking.testCases.TC_AddCustomerTest_003@6ee6f53]" started-at="2023-08-09T23:12:04 IST" name="addNewCustomer" finished-at="2023-08-09T23:12:21 IST" duration-ms="17719" status="PASS">
          <reporter-output>
          </reporter-output>
        </test-method> <!-- addNewCustomer -->
        <test-method is-config="true" signature="tearDown()[pri:0, instance:com.inetbanking.testCases.TC_AddCustomerTest_003@6ee6f53]" started-at="2023-08-09T23:12:21 IST" name="tearDown" finished-at="2023-08-09T23:12:21 IST" duration-ms="254" status="PASS">
          <reporter-output>
          </reporter-output>
        </test-method> <!-- tearDown -->
      </class> <!-- com.inetbanking.testCases.TC_AddCustomerTest_003 -->
    </test> <!-- BankingApp Test -->
  </suite> <!-- Failed suite [Failed suite [Default suite]] -->
</testng-results>
