<?xml version="1.0" encoding="UTF-8"?>
<testng-results ignored="0" total="1" passed="1" failed="0" skipped="0">
  <reporter-output>
  </reporter-output>
  <suite started-at="2023-08-05T23:26:31 IST" name="Default suite" finished-at="2023-08-05T23:26:40 IST" duration-ms="9420">
    <groups>
    </groups>
    <test started-at="2023-08-05T23:26:31 IST" name="Default test" finished-at="2023-08-05T23:26:40 IST" duration-ms="9420">
      <class name="com.inetbanking.testCases.TC_LoginTest_001">
        <test-method is-config="true" signature="setup()[pri:0, instance:com.inetbanking.testCases.TC_LoginTest_001@1b835480]" started-at="2023-08-05T23:26:31 IST" name="setup" finished-at="2023-08-05T23:26:32 IST" duration-ms="1436" status="PASS">
          <reporter-output>
          </reporter-output>
        </test-method> <!-- setup -->
        <test-method signature="loginTest()[pri:0, instance:com.inetbanking.testCases.TC_LoginTest_001@1b835480]" started-at="2023-08-05T23:26:32 IST" name="loginTest" finished-at="2023-08-05T23:26:40 IST" duration-ms="7760" status="PASS">
          <reporter-output>
          </reporter-output>
        </test-method> <!-- loginTest -->
        <test-method is-config="true" signature="tearDown()[pri:0, instance:com.inetbanking.testCases.TC_LoginTest_001@1b835480]" started-at="2023-08-05T23:26:40 IST" name="tearDown" finished-at="2023-08-05T23:26:40 IST" duration-ms="188" status="PASS">
          <reporter-output>
          </reporter-output>
        </test-method> <!-- tearDown -->
      </class> <!-- com.inetbanking.testCases.TC_LoginTest_001 -->
    </test> <!-- Default test -->
  </suite> <!-- Default suite -->
</testng-results>
